"Start of log file."
"C:/Users/Josh/DOCUME~1/GitHub/BACKLASH/CT4005~1/Assets/3DMODE~1/3DSMAX~1/Cannon.max"
"Starting max loading and fbx conversion"
window = undefined
"Settings units"
"Before fbx export"
"After fbx export"
"Finished max loading and fbx conversion"
"C:/Users/Josh/DOCUME~1/GitHub/BACKLASH/CT4005~1/Assets/3DMODE~1/3DSMAX~1/WINCHE~2.MAX"
"Starting max loading and fbx conversion"
window = undefined
"Settings units"
"Before fbx export"
"After fbx export"
"Finished max loading and fbx conversion"
"C:/Users/Josh/DOCUME~1/GitHub/BACKLASH/CT4005~1/Assets/3DMODE~1/3DSMAX~1/Barrel.max"
"Starting max loading and fbx conversion"
window = undefined
"Settings units"
"Before fbx export"
"After fbx export"
"Finished max loading and fbx conversion"
"C:/Users/Josh/DOCUME~1/GitHub/BACKLASH/CT4005~1/Assets/3DMODE~1/Crate.max"
"Starting max loading and fbx conversion"
window = undefined
"Settings units"
"Before fbx export"
"After fbx export"
"Finished max loading and fbx conversion"
"C:/Users/Josh/DOCUME~1/GitHub/BACKLASH/CT4005~1/Assets/3DMODE~1/3DSMAX~1/COLTRE~1.MAX"
"Starting max loading and fbx conversion"
window = undefined
"Settings units"
"Before fbx export"
"After fbx export"
"Finished max loading and fbx conversion"
"C:/Users/Josh/DOCUME~1/GitHub/BACKLASH/CT4005~1/Assets/3DMODE~1/3DSMAX~1/WINCHE~1.MAX"
"Starting max loading and fbx conversion"
window = undefined
"Settings units"
"Before fbx export"
"After fbx export"
"Finished max loading and fbx conversion"
